<?xml version="1.0" encoding="UTF-8"?><testsuite errors="0" failures="0" name="com.lc.df.studentapp.studentinfo.StudentCRUDTest" skipped="0" tests="4" time="5.26" timestamp="2020-05-141 11:25:23"><testcase classname="com.lc.df.studentapp.studentinfo.StudentCRUDTest" name="This test will create a new student record"/><testcase classname="com.lc.df.studentapp.studentinfo.StudentCRUDTest" name="Verify if the student was added to the list"/><testcase classname="com.lc.df.studentapp.studentinfo.StudentCRUDTest" name="Update the student information and verify the information"/><testcase classname="com.lc.df.studentapp.studentinfo.StudentCRUDTest" name="Delete the student record and verify if the student is deleted"/></testsuite>